0 info it worked if it ends with ok
1 verbose cli [ '/usr/bin/nodejs', '/usr/bin/npm', 'install', 'node_modules' ]
2 info using npm@2.15.11
3 info using node@v4.8.2
4 verbose install initial load of /home/mohammad/YallaNotlob/package.json
5 verbose readDependencies loading dependencies from /home/mohammad/YallaNotlob/package.json
6 silly cache add args [ 'node_modules', null ]
7 verbose cache add spec node_modules
8 silly cache add parsed spec Result {
8 silly cache add   raw: 'node_modules',
8 silly cache add   scope: null,
8 silly cache add   name: null,
8 silly cache add   rawSpec: 'node_modules',
8 silly cache add   spec: '/home/mohammad/YallaNotlob/node_modules',
8 silly cache add   type: 'local' }
9 error addLocal Could not install /home/mohammad/YallaNotlob/node_modules
10 verbose stack Error: ENOENT: no such file or directory, open '/home/mohammad/YallaNotlob/node_modules'
10 verbose stack     at Error (native)
11 verbose cwd /home/mohammad/YallaNotlob
12 error Linux 4.4.0-72-generic
13 error argv "/usr/bin/nodejs" "/usr/bin/npm" "install" "node_modules"
14 error node v4.8.2
15 error npm  v2.15.11
16 error path /home/mohammad/YallaNotlob/node_modules
17 error code ENOENT
18 error errno -2
19 error syscall open
20 error enoent ENOENT: no such file or directory, open '/home/mohammad/YallaNotlob/node_modules'
20 error enoent This is most likely not a problem with npm itself
20 error enoent and is related to npm not being able to find a file.
21 verbose exit [ -2, true ]
